d:\userdata\z003y2wv\nx\visualstudiorosfinal\roscpp\roscpp\x64\release\vc142.pdb
c:\dev\visualstudioros\roscpp\roscpp\x64\release\vc142.pdb
c:\dev\visualstudioros\roscpp\roscpp\x64\release\wrapper.obj
c:\dev\visualstudioros\roscpp\roscpp\x64\release\subscriber.obj
c:\dev\visualstudioros\roscpp\roscpp\x64\release\node.obj
c:\dev\visualstudioros\roscpp\roscpp\x64\release\publisher.obj
c:\dev\visualstudioros\roscpp\x64\release\roscpp.exe
c:\dev\visualstudioros\roscpp\roscpp\x64\release\roscpp.ipdb
c:\dev\visualstudioros\roscpp\roscpp\x64\release\roscpp.iobj
c:\dev\visualstudioros\roscpp\x64\release\roscpp.pdb
d:\userdata\z003y2wv\nx\visualstudioroswithrealsense\roscpp\x64\release\roscpp.lib
d:\userdata\z003y2wv\nx\visualstudioroswithrealsense\roscpp\x64\release\roscpp.exp
d:\userdata\z003y2wv\nx\visualstudioroswithrealsense\roscpp\x64\release\roscpp.ipdb
d:\userdata\z003y2wv\nx\visualstudioroswithrealsense\roscpp\x64\release\roscpp.iobj
d:\userdata\z003y2wv\nx\visualstudiorosfinal\roscpp\x64\release\roscpp.lib
d:\userdata\z003y2wv\nx\visualstudiorosfinal\roscpp\x64\release\roscpp.exp
d:\userdata\z003y2wv\nx\visualstudiorosfinal\roscpp\x64\release\roscpp.ipdb
d:\userdata\z003y2wv\nx\visualstudiorosfinal\roscpp\x64\release\roscpp.iobj
c:\dev\visualstudioros\roscpp\x64\release\roscpp.lib
c:\dev\visualstudioros\roscpp\x64\release\roscpp.exp
c:\dev\visualstudioros\roscpp\roscpp\x64\release\executor.obj
c:\dev\visualstudioros\roscpp\roscpp\x64\release\laser_assembler.obj
c:\dev\visualstudioros\roscpp\roscpp\x64\release\main.obj
c:\dev\visualstudioros\roscpp\roscpp\x64\release\test.obj
c:\dev\visualstudioros\roscpp\roscpp\x64\release\utils.obj
c:\dev\visualstudioros\roscpp\roscpp\x64\release\roscpp.tlog\cl.command.1.tlog
c:\dev\visualstudioros\roscpp\roscpp\x64\release\roscpp.tlog\cl.read.1.tlog
c:\dev\visualstudioros\roscpp\roscpp\x64\release\roscpp.tlog\cl.write.1.tlog
c:\dev\visualstudioros\roscpp\roscpp\x64\release\roscpp.tlog\link.command.1.tlog
c:\dev\visualstudioros\roscpp\roscpp\x64\release\roscpp.tlog\link.delete.1.tlog
c:\dev\visualstudioros\roscpp\roscpp\x64\release\roscpp.tlog\link.read.1.tlog
c:\dev\visualstudioros\roscpp\roscpp\x64\release\roscpp.tlog\link.write.1.tlog
c:\dev\visualstudioros\roscpp\roscpp\x64\release\roscpp.tlog\roscpp.write.1u.tlog
